Nonterminals useless in grammar

   test


Terminals unused in grammar

   IF
   ELSE
   WHILE
   MK_DOT
   ERROR


Rules useless in grammar

  101 test: assign_expr


语法

    0 $accept: program $end

    1 program: global_decl_list
    2        | /* 空 */

    3 global_decl_list: global_decl_list global_decl
    4                 | global_decl

    5 global_decl: decl_list function_decl
    6            | function_decl

    7 function_decl: type ID MK_LPAREN param_list MK_RPAREN MK_LBRACE block MK_RBRACE
    8              | VOID ID MK_LPAREN param_list MK_RPAREN MK_LBRACE block MK_RBRACE
    9              | type ID MK_LPAREN MK_RPAREN MK_LBRACE block MK_RBRACE
   10              | VOID ID MK_LPAREN MK_RPAREN MK_LBRACE block MK_RBRACE

   11 param_list: param_list MK_COMMA param
   12           | param

   13 param: type ID
   14      | type ID dim_fn

   15 dim_fn: MK_LB expr_null MK_RB
   16       | dim_fn MK_LB expr MK_RB

   17 expr_null: expr
   18          | /* 空 */

   19 block: decl_list stmt_list
   20      | stmt_list
   21      | decl_list
   22      | /* 空 */

   23 decl_list: decl_list decl
   24          | decl

   25 decl: type_decl
   26     | var_decl

   27 type_decl: TYPEDEF type id_list MK_SEMICOLON
   28          | TYPEDEF VOID id_list MK_SEMICOLON

   29 var_decl: type init_id_list MK_SEMICOLON
   30         | ID id_list MK_SEMICOLON

   31 type: INT
   32     | FLOAT

   33 id_list: ID
   34        | id_list MK_COMMA ID
   35        | id_list MK_COMMA ID dim_decl
   36        | ID dim_decl

   37 dim_decl: MK_LB cexpr MK_RB

   38 cexpr: cexpr OP_PLUS mcexpr
   39      | cexpr OP_MINUS mcexpr
   40      | mcexpr

   41 mcexpr: mcexpr OP_TIMES cfactor
   42       | mcexpr OP_DIVIDE cfactor
   43       | cfactor

   44 cfactor: CONST
   45        | MK_LPAREN cexpr MK_RPAREN

   46 init_id_list: init_id
   47             | init_id_list MK_COMMA init_id

   48 init_id: ID
   49        | ID dim_decl
   50        | ID OP_ASSIGN relop_expr

   51 stmt_list: stmt_list stmt
   52          | stmt

   53 stmt: MK_LBRACE block MK_RBRACE
   54     | FOR MK_LPAREN assign_expr_list MK_SEMICOLON relop_expr_list MK_SEMICOLON assign_expr_list MK_RPAREN stmt
   55     | var_ref OP_ASSIGN relop_expr MK_SEMICOLON
   56     | MK_SEMICOLON
   57     | RETURN MK_SEMICOLON
   58     | RETURN relop_expr MK_SEMICOLON

   59 assign_expr_list: nonempty_assign_expr_list
   60                 | /* 空 */

   61 nonempty_assign_expr_list: nonempty_assign_expr_list MK_COMMA assign_expr
   62                          | assign_expr

   63 assign_expr: ID OP_ASSIGN relop_expr
   64            | relop_expr

   65 relop_expr: relop_term
   66           | relop_expr OP_OR relop_term

   67 relop_term: relop_factor
   68           | relop_term OP_AND relop_factor

   69 relop_factor: expr
   70             | expr rel_op expr

   71 rel_op: OP_EQ
   72       | OP_GE
   73       | OP_LE
   74       | OP_NE
   75       | OP_GT
   76       | OP_LT

   77 relop_expr_list: nonempty_relop_expr_list
   78                | /* 空 */

   79 nonempty_relop_expr_list: nonempty_relop_expr_list MK_COMMA relop_expr
   80                         | relop_expr

   81 expr: expr add_op term
   82     | term

   83 add_op: OP_PLUS
   84       | OP_MINUS

   85 term: term mul_op factor
   86     | factor

   87 mul_op: OP_TIMES
   88       | OP_DIVIDE

   89 factor: MK_LPAREN relop_expr MK_RPAREN
   90       | OP_NOT MK_LPAREN relop_expr MK_RPAREN
   91       | CONST
   92       | OP_NOT CONST
   93       | ID MK_LPAREN relop_expr_list MK_RPAREN
   94       | OP_NOT ID MK_LPAREN relop_expr_list MK_RPAREN
   95       | var_ref
   96       | OP_NOT var_ref

   97 var_ref: ID
   98        | ID dim_list

   99 dim_list: dim_list MK_LB expr MK_RB
  100         | MK_LB expr MK_RB


Terminals, with rules where they appear

$end (0) 0
error (256)
ID (258) 7 8 9 10 13 14 30 33 34 35 36 48 49 50 63 93 94 97 98
CONST (259) 44 91 92
VOID (260) 8 10 28
INT (261) 31
FLOAT (262) 32
IF (263)
ELSE (264)
WHILE (265)
FOR (266) 54
TYPEDEF (267) 27 28
OP_ASSIGN (268) 50 55 63
OP_OR (269) 66
OP_AND (270) 68
OP_NOT (271) 90 92 94 96
OP_EQ (272) 71
OP_NE (273) 74
OP_GT (274) 75
OP_LT (275) 76
OP_GE (276) 72
OP_LE (277) 73
OP_PLUS (278) 38 83
OP_MINUS (279) 39 84
OP_TIMES (280) 41 87
OP_DIVIDE (281) 42 88
MK_LB (282) 15 16 37 99 100
MK_RB (283) 15 16 37 99 100
MK_LPAREN (284) 7 8 9 10 45 54 89 90 93 94
MK_RPAREN (285) 7 8 9 10 45 54 89 90 93 94
MK_LBRACE (286) 7 8 9 10 53
MK_RBRACE (287) 7 8 9 10 53
MK_COMMA (288) 11 34 35 47 61 79
MK_SEMICOLON (289) 27 28 29 30 54 55 56 57 58
MK_DOT (290)
ERROR (291)
RETURN (292) 57 58


Nonterminals, with rules where they appear

$accept (38)
    左： 0
program (39)
    左： 1 2, 右： 0
global_decl_list (40)
    左： 3 4, 右： 1 3
global_decl (41)
    左： 5 6, 右： 3 4
function_decl (42)
    左： 7 8 9 10, 右： 5 6
param_list (43)
    左： 11 12, 右： 7 8 11
param (44)
    左： 13 14, 右： 11 12
dim_fn (45)
    左： 15 16, 右： 14 16
expr_null (46)
    左： 17 18, 右： 15
block (47)
    左： 19 20 21 22, 右： 7 8 9 10 53
decl_list (48)
    左： 23 24, 右： 5 19 21 23
decl (49)
    左： 25 26, 右： 23 24
type_decl (50)
    左： 27 28, 右： 25
var_decl (51)
    左： 29 30, 右： 26
type (52)
    左： 31 32, 右： 7 9 13 14 27 29
id_list (53)
    左： 33 34 35 36, 右： 27 28 30 34 35
dim_decl (54)
    左： 37, 右： 35 36 49
cexpr (55)
    左： 38 39 40, 右： 37 38 39 45
mcexpr (56)
    左： 41 42 43, 右： 38 39 40 41 42
cfactor (57)
    左： 44 45, 右： 41 42 43
init_id_list (58)
    左： 46 47, 右： 29 47
init_id (59)
    左： 48 49 50, 右： 46 47
stmt_list (60)
    左： 51 52, 右： 19 20 51
stmt (61)
    左： 53 54 55 56 57 58, 右： 51 52 54
assign_expr_list (62)
    左： 59 60, 右： 54
nonempty_assign_expr_list (63)
    左： 61 62, 右： 59 61
assign_expr (64)
    左： 63 64, 右： 61 62
relop_expr (65)
    左： 65 66, 右： 50 55 58 63 64 66 79 80 89 90
relop_term (66)
    左： 67 68, 右： 65 66 68
relop_factor (67)
    左： 69 70, 右： 67 68
rel_op (68)
    左： 71 72 73 74 75 76, 右： 70
relop_expr_list (69)
    左： 77 78, 右： 54 93 94
nonempty_relop_expr_list (70)
    左： 79 80, 右： 77 79
expr (71)
    左： 81 82, 右： 16 17 69 70 81 99 100
add_op (72)
    左： 83 84, 右： 81
term (73)
    左： 85 86, 右： 81 82 85
mul_op (74)
    左： 87 88, 右： 85
factor (75)
    左： 89 90 91 92 93 94 95 96, 右： 85 86
var_ref (76)
    左： 97 98, 右： 55 95 96
dim_list (77)
    左： 99 100, 右： 98 99


状态 0

    0 $accept: . program $end

    ID       shift, and go to state 1
    VOID     shift, and go to state 2
    INT      shift, and go to state 3
    FLOAT    shift, and go to state 4
    TYPEDEF  shift, and go to state 5

    $default  reduce using rule 2 (program)

    program           转到状态6
    global_decl_list  转到状态7
    global_decl       转到状态8
    function_decl     转到状态9
    decl_list         转到状态10
    decl              转到状态11
    type_decl         转到状态12
    var_decl          转到状态13
    type              转到状态14


状态 1

   30 var_decl: ID . id_list MK_SEMICOLON

    ID  shift, and go to state 15

    id_list  转到状态16


状态 2

    8 function_decl: VOID . ID MK_LPAREN param_list MK_RPAREN MK_LBRACE block MK_RBRACE
   10              | VOID . ID MK_LPAREN MK_RPAREN MK_LBRACE block MK_RBRACE

    ID  shift, and go to state 17


状态 3

   31 type: INT .

    $default  reduce using rule 31 (type)


状态 4

   32 type: FLOAT .

    $default  reduce using rule 32 (type)


状态 5

   27 type_decl: TYPEDEF . type id_list MK_SEMICOLON
   28          | TYPEDEF . VOID id_list MK_SEMICOLON

    VOID   shift, and go to state 18
    INT    shift, and go to state 3
    FLOAT  shift, and go to state 4

    type  转到状态19


状态 6

    0 $accept: program . $end

    $end  shift, and go to state 20


状态 7

    1 program: global_decl_list .
    3 global_decl_list: global_decl_list . global_decl

    ID       shift, and go to state 1
    VOID     shift, and go to state 2
    INT      shift, and go to state 3
    FLOAT    shift, and go to state 4
    TYPEDEF  shift, and go to state 5

    $default  reduce using rule 1 (program)

    global_decl    转到状态21
    function_decl  转到状态9
    decl_list      转到状态10
    decl           转到状态11
    type_decl      转到状态12
    var_decl       转到状态13
    type           转到状态14


状态 8

    4 global_decl_list: global_decl .

    $default  reduce using rule 4 (global_decl_list)


状态 9

    6 global_decl: function_decl .

    $default  reduce using rule 6 (global_decl)


状态 10

    5 global_decl: decl_list . function_decl
   23 decl_list: decl_list . decl

    ID       shift, and go to state 1
    VOID     shift, and go to state 2
    INT      shift, and go to state 3
    FLOAT    shift, and go to state 4
    TYPEDEF  shift, and go to state 5

    function_decl  转到状态22
    decl           转到状态23
    type_decl      转到状态12
    var_decl       转到状态13
    type           转到状态14


状态 11

   24 decl_list: decl .

    $default  reduce using rule 24 (decl_list)


状态 12

   25 decl: type_decl .

    $default  reduce using rule 25 (decl)


状态 13

   26 decl: var_decl .

    $default  reduce using rule 26 (decl)


状态 14

    7 function_decl: type . ID MK_LPAREN param_list MK_RPAREN MK_LBRACE block MK_RBRACE
    9              | type . ID MK_LPAREN MK_RPAREN MK_LBRACE block MK_RBRACE
   29 var_decl: type . init_id_list MK_SEMICOLON

    ID  shift, and go to state 24

    init_id_list  转到状态25
    init_id       转到状态26


状态 15

   33 id_list: ID .
   36        | ID . dim_decl

    MK_LB  shift, and go to state 27

    $default  reduce using rule 33 (id_list)

    dim_decl  转到状态28


状态 16

   30 var_decl: ID id_list . MK_SEMICOLON
   34 id_list: id_list . MK_COMMA ID
   35        | id_list . MK_COMMA ID dim_decl

    MK_COMMA      shift, and go to state 29
    MK_SEMICOLON  shift, and go to state 30


状态 17

    8 function_decl: VOID ID . MK_LPAREN param_list MK_RPAREN MK_LBRACE block MK_RBRACE
   10              | VOID ID . MK_LPAREN MK_RPAREN MK_LBRACE block MK_RBRACE

    MK_LPAREN  shift, and go to state 31


状态 18

   28 type_decl: TYPEDEF VOID . id_list MK_SEMICOLON

    ID  shift, and go to state 15

    id_list  转到状态32


状态 19

   27 type_decl: TYPEDEF type . id_list MK_SEMICOLON

    ID  shift, and go to state 15

    id_list  转到状态33


状态 20

    0 $accept: program $end .

    $default  接受


状态 21

    3 global_decl_list: global_decl_list global_decl .

    $default  reduce using rule 3 (global_decl_list)


状态 22

    5 global_decl: decl_list function_decl .

    $default  reduce using rule 5 (global_decl)


状态 23

   23 decl_list: decl_list decl .

    $default  reduce using rule 23 (decl_list)


状态 24

    7 function_decl: type ID . MK_LPAREN param_list MK_RPAREN MK_LBRACE block MK_RBRACE
    9              | type ID . MK_LPAREN MK_RPAREN MK_LBRACE block MK_RBRACE
   48 init_id: ID .
   49        | ID . dim_decl
   50        | ID . OP_ASSIGN relop_expr

    OP_ASSIGN  shift, and go to state 34
    MK_LB      shift, and go to state 27
    MK_LPAREN  shift, and go to state 35

    $default  reduce using rule 48 (init_id)

    dim_decl  转到状态36


状态 25

   29 var_decl: type init_id_list . MK_SEMICOLON
   47 init_id_list: init_id_list . MK_COMMA init_id

    MK_COMMA      shift, and go to state 37
    MK_SEMICOLON  shift, and go to state 38


状态 26

   46 init_id_list: init_id .

    $default  reduce using rule 46 (init_id_list)


状态 27

   37 dim_decl: MK_LB . cexpr MK_RB

    CONST      shift, and go to state 39
    MK_LPAREN  shift, and go to state 40

    cexpr    转到状态41
    mcexpr   转到状态42
    cfactor  转到状态43


状态 28

   36 id_list: ID dim_decl .

    $default  reduce using rule 36 (id_list)


状态 29

   34 id_list: id_list MK_COMMA . ID
   35        | id_list MK_COMMA . ID dim_decl

    ID  shift, and go to state 44


状态 30

   30 var_decl: ID id_list MK_SEMICOLON .

    $default  reduce using rule 30 (var_decl)


状态 31

    8 function_decl: VOID ID MK_LPAREN . param_list MK_RPAREN MK_LBRACE block MK_RBRACE
   10              | VOID ID MK_LPAREN . MK_RPAREN MK_LBRACE block MK_RBRACE

    INT        shift, and go to state 3
    FLOAT      shift, and go to state 4
    MK_RPAREN  shift, and go to state 45

    param_list  转到状态46
    param       转到状态47
    type        转到状态48


状态 32

   28 type_decl: TYPEDEF VOID id_list . MK_SEMICOLON
   34 id_list: id_list . MK_COMMA ID
   35        | id_list . MK_COMMA ID dim_decl

    MK_COMMA      shift, and go to state 29
    MK_SEMICOLON  shift, and go to state 49


状态 33

   27 type_decl: TYPEDEF type id_list . MK_SEMICOLON
   34 id_list: id_list . MK_COMMA ID
   35        | id_list . MK_COMMA ID dim_decl

    MK_COMMA      shift, and go to state 29
    MK_SEMICOLON  shift, and go to state 50


状态 34

   50 init_id: ID OP_ASSIGN . relop_expr

    ID         shift, and go to state 51
    CONST      shift, and go to state 52
    OP_NOT     shift, and go to state 53
    MK_LPAREN  shift, and go to state 54

    relop_expr    转到状态55
    relop_term    转到状态56
    relop_factor  转到状态57
    expr          转到状态58
    term          转到状态59
    factor        转到状态60
    var_ref       转到状态61


状态 35

    7 function_decl: type ID MK_LPAREN . param_list MK_RPAREN MK_LBRACE block MK_RBRACE
    9              | type ID MK_LPAREN . MK_RPAREN MK_LBRACE block MK_RBRACE

    INT        shift, and go to state 3
    FLOAT      shift, and go to state 4
    MK_RPAREN  shift, and go to state 62

    param_list  转到状态63
    param       转到状态47
    type        转到状态48


状态 36

   49 init_id: ID dim_decl .

    $default  reduce using rule 49 (init_id)


状态 37

   47 init_id_list: init_id_list MK_COMMA . init_id

    ID  shift, and go to state 64

    init_id  转到状态65


状态 38

   29 var_decl: type init_id_list MK_SEMICOLON .

    $default  reduce using rule 29 (var_decl)


状态 39

   44 cfactor: CONST .

    $default  reduce using rule 44 (cfactor)


状态 40

   45 cfactor: MK_LPAREN . cexpr MK_RPAREN

    CONST      shift, and go to state 39
    MK_LPAREN  shift, and go to state 40

    cexpr    转到状态66
    mcexpr   转到状态42
    cfactor  转到状态43


状态 41

   37 dim_decl: MK_LB cexpr . MK_RB
   38 cexpr: cexpr . OP_PLUS mcexpr
   39      | cexpr . OP_MINUS mcexpr

    OP_PLUS   shift, and go to state 67
    OP_MINUS  shift, and go to state 68
    MK_RB     shift, and go to state 69


状态 42

   40 cexpr: mcexpr .
   41 mcexpr: mcexpr . OP_TIMES cfactor
   42       | mcexpr . OP_DIVIDE cfactor

    OP_TIMES   shift, and go to state 70
    OP_DIVIDE  shift, and go to state 71

    $default  reduce using rule 40 (cexpr)


状态 43

   43 mcexpr: cfactor .

    $default  reduce using rule 43 (mcexpr)


状态 44

   34 id_list: id_list MK_COMMA ID .
   35        | id_list MK_COMMA ID . dim_decl

    MK_LB  shift, and go to state 27

    $default  reduce using rule 34 (id_list)

    dim_decl  转到状态72


状态 45

   10 function_decl: VOID ID MK_LPAREN MK_RPAREN . MK_LBRACE block MK_RBRACE

    MK_LBRACE  shift, and go to state 73


状态 46

    8 function_decl: VOID ID MK_LPAREN param_list . MK_RPAREN MK_LBRACE block MK_RBRACE
   11 param_list: param_list . MK_COMMA param

    MK_RPAREN  shift, and go to state 74
    MK_COMMA   shift, and go to state 75


状态 47

   12 param_list: param .

    $default  reduce using rule 12 (param_list)


状态 48

   13 param: type . ID
   14      | type . ID dim_fn

    ID  shift, and go to state 76


状态 49

   28 type_decl: TYPEDEF VOID id_list MK_SEMICOLON .

    $default  reduce using rule 28 (type_decl)


状态 50

   27 type_decl: TYPEDEF type id_list MK_SEMICOLON .

    $default  reduce using rule 27 (type_decl)


状态 51

   93 factor: ID . MK_LPAREN relop_expr_list MK_RPAREN
   97 var_ref: ID .
   98        | ID . dim_list

    MK_LB      shift, and go to state 77
    MK_LPAREN  shift, and go to state 78

    $default  reduce using rule 97 (var_ref)

    dim_list  转到状态79


状态 52

   91 factor: CONST .

    $default  reduce using rule 91 (factor)


状态 53

   90 factor: OP_NOT . MK_LPAREN relop_expr MK_RPAREN
   92       | OP_NOT . CONST
   94       | OP_NOT . ID MK_LPAREN relop_expr_list MK_RPAREN
   96       | OP_NOT . var_ref

    ID         shift, and go to state 80
    CONST      shift, and go to state 81
    MK_LPAREN  shift, and go to state 82

    var_ref  转到状态83


状态 54

   89 factor: MK_LPAREN . relop_expr MK_RPAREN

    ID         shift, and go to state 51
    CONST      shift, and go to state 52
    OP_NOT     shift, and go to state 53
    MK_LPAREN  shift, and go to state 54

    relop_expr    转到状态84
    relop_term    转到状态56
    relop_factor  转到状态57
    expr          转到状态58
    term          转到状态59
    factor        转到状态60
    var_ref       转到状态61


状态 55

   50 init_id: ID OP_ASSIGN relop_expr .
   66 relop_expr: relop_expr . OP_OR relop_term

    OP_OR  shift, and go to state 85

    $default  reduce using rule 50 (init_id)


状态 56

   65 relop_expr: relop_term .
   68 relop_term: relop_term . OP_AND relop_factor

    OP_AND  shift, and go to state 86

    $default  reduce using rule 65 (relop_expr)


状态 57

   67 relop_term: relop_factor .

    $default  reduce using rule 67 (relop_term)


状态 58

   69 relop_factor: expr .
   70             | expr . rel_op expr
   81 expr: expr . add_op term

    OP_EQ     shift, and go to state 87
    OP_NE     shift, and go to state 88
    OP_GT     shift, and go to state 89
    OP_LT     shift, and go to state 90
    OP_GE     shift, and go to state 91
    OP_LE     shift, and go to state 92
    OP_PLUS   shift, and go to state 93
    OP_MINUS  shift, and go to state 94

    $default  reduce using rule 69 (relop_factor)

    rel_op  转到状态95
    add_op  转到状态96


状态 59

   82 expr: term .
   85 term: term . mul_op factor

    OP_TIMES   shift, and go to state 97
    OP_DIVIDE  shift, and go to state 98

    $default  reduce using rule 82 (expr)

    mul_op  转到状态99


状态 60

   86 term: factor .

    $default  reduce using rule 86 (term)


状态 61

   95 factor: var_ref .

    $default  reduce using rule 95 (factor)


状态 62

    9 function_decl: type ID MK_LPAREN MK_RPAREN . MK_LBRACE block MK_RBRACE

    MK_LBRACE  shift, and go to state 100


状态 63

    7 function_decl: type ID MK_LPAREN param_list . MK_RPAREN MK_LBRACE block MK_RBRACE
   11 param_list: param_list . MK_COMMA param

    MK_RPAREN  shift, and go to state 101
    MK_COMMA   shift, and go to state 75


状态 64

   48 init_id: ID .
   49        | ID . dim_decl
   50        | ID . OP_ASSIGN relop_expr

    OP_ASSIGN  shift, and go to state 34
    MK_LB      shift, and go to state 27

    $default  reduce using rule 48 (init_id)

    dim_decl  转到状态36


状态 65

   47 init_id_list: init_id_list MK_COMMA init_id .

    $default  reduce using rule 47 (init_id_list)


状态 66

   38 cexpr: cexpr . OP_PLUS mcexpr
   39      | cexpr . OP_MINUS mcexpr
   45 cfactor: MK_LPAREN cexpr . MK_RPAREN

    OP_PLUS    shift, and go to state 67
    OP_MINUS   shift, and go to state 68
    MK_RPAREN  shift, and go to state 102


状态 67

   38 cexpr: cexpr OP_PLUS . mcexpr

    CONST      shift, and go to state 39
    MK_LPAREN  shift, and go to state 40

    mcexpr   转到状态103
    cfactor  转到状态43


状态 68

   39 cexpr: cexpr OP_MINUS . mcexpr

    CONST      shift, and go to state 39
    MK_LPAREN  shift, and go to state 40

    mcexpr   转到状态104
    cfactor  转到状态43


状态 69

   37 dim_decl: MK_LB cexpr MK_RB .

    $default  reduce using rule 37 (dim_decl)


状态 70

   41 mcexpr: mcexpr OP_TIMES . cfactor

    CONST      shift, and go to state 39
    MK_LPAREN  shift, and go to state 40

    cfactor  转到状态105


状态 71

   42 mcexpr: mcexpr OP_DIVIDE . cfactor

    CONST      shift, and go to state 39
    MK_LPAREN  shift, and go to state 40

    cfactor  转到状态106


状态 72

   35 id_list: id_list MK_COMMA ID dim_decl .

    $default  reduce using rule 35 (id_list)


状态 73

   10 function_decl: VOID ID MK_LPAREN MK_RPAREN MK_LBRACE . block MK_RBRACE

    ID            shift, and go to state 107
    INT           shift, and go to state 3
    FLOAT         shift, and go to state 4
    FOR           shift, and go to state 108
    TYPEDEF       shift, and go to state 5
    MK_LBRACE     shift, and go to state 109
    MK_SEMICOLON  shift, and go to state 110
    RETURN        shift, and go to state 111

    $default  reduce using rule 22 (block)

    block      转到状态112
    decl_list  转到状态113
    decl       转到状态11
    type_decl  转到状态12
    var_decl   转到状态13
    type       转到状态114
    stmt_list  转到状态115
    stmt       转到状态116
    var_ref    转到状态117


状态 74

    8 function_decl: VOID ID MK_LPAREN param_list MK_RPAREN . MK_LBRACE block MK_RBRACE

    MK_LBRACE  shift, and go to state 118


状态 75

   11 param_list: param_list MK_COMMA . param

    INT    shift, and go to state 3
    FLOAT  shift, and go to state 4

    param  转到状态119
    type   转到状态48


状态 76

   13 param: type ID .
   14      | type ID . dim_fn

    MK_LB  shift, and go to state 120

    $default  reduce using rule 13 (param)

    dim_fn  转到状态121


状态 77

  100 dim_list: MK_LB . expr MK_RB

    ID         shift, and go to state 51
    CONST      shift, and go to state 52
    OP_NOT     shift, and go to state 53
    MK_LPAREN  shift, and go to state 54

    expr     转到状态122
    term     转到状态59
    factor   转到状态60
    var_ref  转到状态61


状态 78

   93 factor: ID MK_LPAREN . relop_expr_list MK_RPAREN

    ID         shift, and go to state 51
    CONST      shift, and go to state 52
    OP_NOT     shift, and go to state 53
    MK_LPAREN  shift, and go to state 54

    $default  reduce using rule 78 (relop_expr_list)

    relop_expr                转到状态123
    relop_term                转到状态56
    relop_factor              转到状态57
    relop_expr_list           转到状态124
    nonempty_relop_expr_list  转到状态125
    expr                      转到状态58
    term                      转到状态59
    factor                    转到状态60
    var_ref                   转到状态61


状态 79

   98 var_ref: ID dim_list .
   99 dim_list: dim_list . MK_LB expr MK_RB

    MK_LB  shift, and go to state 126

    $default  reduce using rule 98 (var_ref)


状态 80

   94 factor: OP_NOT ID . MK_LPAREN relop_expr_list MK_RPAREN
   97 var_ref: ID .
   98        | ID . dim_list

    MK_LB      shift, and go to state 77
    MK_LPAREN  shift, and go to state 127

    $default  reduce using rule 97 (var_ref)

    dim_list  转到状态79


状态 81

   92 factor: OP_NOT CONST .

    $default  reduce using rule 92 (factor)


状态 82

   90 factor: OP_NOT MK_LPAREN . relop_expr MK_RPAREN

    ID         shift, and go to state 51
    CONST      shift, and go to state 52
    OP_NOT     shift, and go to state 53
    MK_LPAREN  shift, and go to state 54

    relop_expr    转到状态128
    relop_term    转到状态56
    relop_factor  转到状态57
    expr          转到状态58
    term          转到状态59
    factor        转到状态60
    var_ref       转到状态61


状态 83

   96 factor: OP_NOT var_ref .

    $default  reduce using rule 96 (factor)


状态 84

   66 relop_expr: relop_expr . OP_OR relop_term
   89 factor: MK_LPAREN relop_expr . MK_RPAREN

    OP_OR      shift, and go to state 85
    MK_RPAREN  shift, and go to state 129


状态 85

   66 relop_expr: relop_expr OP_OR . relop_term

    ID         shift, and go to state 51
    CONST      shift, and go to state 52
    OP_NOT     shift, and go to state 53
    MK_LPAREN  shift, and go to state 54

    relop_term    转到状态130
    relop_factor  转到状态57
    expr          转到状态58
    term          转到状态59
    factor        转到状态60
    var_ref       转到状态61


状态 86

   68 relop_term: relop_term OP_AND . relop_factor

    ID         shift, and go to state 51
    CONST      shift, and go to state 52
    OP_NOT     shift, and go to state 53
    MK_LPAREN  shift, and go to state 54

    relop_factor  转到状态131
    expr          转到状态58
    term          转到状态59
    factor        转到状态60
    var_ref       转到状态61


状态 87

   71 rel_op: OP_EQ .

    $default  reduce using rule 71 (rel_op)


状态 88

   74 rel_op: OP_NE .

    $default  reduce using rule 74 (rel_op)


状态 89

   75 rel_op: OP_GT .

    $default  reduce using rule 75 (rel_op)


状态 90

   76 rel_op: OP_LT .

    $default  reduce using rule 76 (rel_op)


状态 91

   72 rel_op: OP_GE .

    $default  reduce using rule 72 (rel_op)


状态 92

   73 rel_op: OP_LE .

    $default  reduce using rule 73 (rel_op)


状态 93

   83 add_op: OP_PLUS .

    $default  reduce using rule 83 (add_op)


状态 94

   84 add_op: OP_MINUS .

    $default  reduce using rule 84 (add_op)


状态 95

   70 relop_factor: expr rel_op . expr

    ID         shift, and go to state 51
    CONST      shift, and go to state 52
    OP_NOT     shift, and go to state 53
    MK_LPAREN  shift, and go to state 54

    expr     转到状态132
    term     转到状态59
    factor   转到状态60
    var_ref  转到状态61


状态 96

   81 expr: expr add_op . term

    ID         shift, and go to state 51
    CONST      shift, and go to state 52
    OP_NOT     shift, and go to state 53
    MK_LPAREN  shift, and go to state 54

    term     转到状态133
    factor   转到状态60
    var_ref  转到状态61


状态 97

   87 mul_op: OP_TIMES .

    $default  reduce using rule 87 (mul_op)


状态 98

   88 mul_op: OP_DIVIDE .

    $default  reduce using rule 88 (mul_op)


状态 99

   85 term: term mul_op . factor

    ID         shift, and go to state 51
    CONST      shift, and go to state 52
    OP_NOT     shift, and go to state 53
    MK_LPAREN  shift, and go to state 54

    factor   转到状态134
    var_ref  转到状态61


状态 100

    9 function_decl: type ID MK_LPAREN MK_RPAREN MK_LBRACE . block MK_RBRACE

    ID            shift, and go to state 107
    INT           shift, and go to state 3
    FLOAT         shift, and go to state 4
    FOR           shift, and go to state 108
    TYPEDEF       shift, and go to state 5
    MK_LBRACE     shift, and go to state 109
    MK_SEMICOLON  shift, and go to state 110
    RETURN        shift, and go to state 111

    $default  reduce using rule 22 (block)

    block      转到状态135
    decl_list  转到状态113
    decl       转到状态11
    type_decl  转到状态12
    var_decl   转到状态13
    type       转到状态114
    stmt_list  转到状态115
    stmt       转到状态116
    var_ref    转到状态117


状态 101

    7 function_decl: type ID MK_LPAREN param_list MK_RPAREN . MK_LBRACE block MK_RBRACE

    MK_LBRACE  shift, and go to state 136


状态 102

   45 cfactor: MK_LPAREN cexpr MK_RPAREN .

    $default  reduce using rule 45 (cfactor)


状态 103

   38 cexpr: cexpr OP_PLUS mcexpr .
   41 mcexpr: mcexpr . OP_TIMES cfactor
   42       | mcexpr . OP_DIVIDE cfactor

    OP_TIMES   shift, and go to state 70
    OP_DIVIDE  shift, and go to state 71

    $default  reduce using rule 38 (cexpr)


状态 104

   39 cexpr: cexpr OP_MINUS mcexpr .
   41 mcexpr: mcexpr . OP_TIMES cfactor
   42       | mcexpr . OP_DIVIDE cfactor

    OP_TIMES   shift, and go to state 70
    OP_DIVIDE  shift, and go to state 71

    $default  reduce using rule 39 (cexpr)


状态 105

   41 mcexpr: mcexpr OP_TIMES cfactor .

    $default  reduce using rule 41 (mcexpr)


状态 106

   42 mcexpr: mcexpr OP_DIVIDE cfactor .

    $default  reduce using rule 42 (mcexpr)


状态 107

   30 var_decl: ID . id_list MK_SEMICOLON
   97 var_ref: ID .
   98        | ID . dim_list

    ID     shift, and go to state 15
    MK_LB  shift, and go to state 77

    $default  reduce using rule 97 (var_ref)

    id_list   转到状态16
    dim_list  转到状态79


状态 108

   54 stmt: FOR . MK_LPAREN assign_expr_list MK_SEMICOLON relop_expr_list MK_SEMICOLON assign_expr_list MK_RPAREN stmt

    MK_LPAREN  shift, and go to state 137


状态 109

   53 stmt: MK_LBRACE . block MK_RBRACE

    ID            shift, and go to state 107
    INT           shift, and go to state 3
    FLOAT         shift, and go to state 4
    FOR           shift, and go to state 108
    TYPEDEF       shift, and go to state 5
    MK_LBRACE     shift, and go to state 109
    MK_SEMICOLON  shift, and go to state 110
    RETURN        shift, and go to state 111

    $default  reduce using rule 22 (block)

    block      转到状态138
    decl_list  转到状态113
    decl       转到状态11
    type_decl  转到状态12
    var_decl   转到状态13
    type       转到状态114
    stmt_list  转到状态115
    stmt       转到状态116
    var_ref    转到状态117


状态 110

   56 stmt: MK_SEMICOLON .

    $default  reduce using rule 56 (stmt)


状态 111

   57 stmt: RETURN . MK_SEMICOLON
   58     | RETURN . relop_expr MK_SEMICOLON

    ID            shift, and go to state 51
    CONST         shift, and go to state 52
    OP_NOT        shift, and go to state 53
    MK_LPAREN     shift, and go to state 54
    MK_SEMICOLON  shift, and go to state 139

    relop_expr    转到状态140
    relop_term    转到状态56
    relop_factor  转到状态57
    expr          转到状态58
    term          转到状态59
    factor        转到状态60
    var_ref       转到状态61


状态 112

   10 function_decl: VOID ID MK_LPAREN MK_RPAREN MK_LBRACE block . MK_RBRACE

    MK_RBRACE  shift, and go to state 141


状态 113

   19 block: decl_list . stmt_list
   21      | decl_list .
   23 decl_list: decl_list . decl

    ID            shift, and go to state 107
    INT           shift, and go to state 3
    FLOAT         shift, and go to state 4
    FOR           shift, and go to state 108
    TYPEDEF       shift, and go to state 5
    MK_LBRACE     shift, and go to state 109
    MK_SEMICOLON  shift, and go to state 110
    RETURN        shift, and go to state 111

    $default  reduce using rule 21 (block)

    decl       转到状态23
    type_decl  转到状态12
    var_decl   转到状态13
    type       转到状态114
    stmt_list  转到状态142
    stmt       转到状态116
    var_ref    转到状态117


状态 114

   29 var_decl: type . init_id_list MK_SEMICOLON

    ID  shift, and go to state 64

    init_id_list  转到状态25
    init_id       转到状态26


状态 115

   20 block: stmt_list .
   51 stmt_list: stmt_list . stmt

    ID            shift, and go to state 143
    FOR           shift, and go to state 108
    MK_LBRACE     shift, and go to state 109
    MK_SEMICOLON  shift, and go to state 110
    RETURN        shift, and go to state 111

    $default  reduce using rule 20 (block)

    stmt     转到状态144
    var_ref  转到状态117


状态 116

   52 stmt_list: stmt .

    $default  reduce using rule 52 (stmt_list)


状态 117

   55 stmt: var_ref . OP_ASSIGN relop_expr MK_SEMICOLON

    OP_ASSIGN  shift, and go to state 145


状态 118

    8 function_decl: VOID ID MK_LPAREN param_list MK_RPAREN MK_LBRACE . block MK_RBRACE

    ID            shift, and go to state 107
    INT           shift, and go to state 3
    FLOAT         shift, and go to state 4
    FOR           shift, and go to state 108
    TYPEDEF       shift, and go to state 5
    MK_LBRACE     shift, and go to state 109
    MK_SEMICOLON  shift, and go to state 110
    RETURN        shift, and go to state 111

    $default  reduce using rule 22 (block)

    block      转到状态146
    decl_list  转到状态113
    decl       转到状态11
    type_decl  转到状态12
    var_decl   转到状态13
    type       转到状态114
    stmt_list  转到状态115
    stmt       转到状态116
    var_ref    转到状态117


状态 119

   11 param_list: param_list MK_COMMA param .

    $default  reduce using rule 11 (param_list)


状态 120

   15 dim_fn: MK_LB . expr_null MK_RB

    ID         shift, and go to state 51
    CONST      shift, and go to state 52
    OP_NOT     shift, and go to state 53
    MK_LPAREN  shift, and go to state 54

    $default  reduce using rule 18 (expr_null)

    expr_null  转到状态147
    expr       转到状态148
    term       转到状态59
    factor     转到状态60
    var_ref    转到状态61


状态 121

   14 param: type ID dim_fn .
   16 dim_fn: dim_fn . MK_LB expr MK_RB

    MK_LB  shift, and go to state 149

    $default  reduce using rule 14 (param)


状态 122

   81 expr: expr . add_op term
  100 dim_list: MK_LB expr . MK_RB

    OP_PLUS   shift, and go to state 93
    OP_MINUS  shift, and go to state 94
    MK_RB     shift, and go to state 150

    add_op  转到状态96


状态 123

   66 relop_expr: relop_expr . OP_OR relop_term
   80 nonempty_relop_expr_list: relop_expr .

    OP_OR  shift, and go to state 85

    $default  reduce using rule 80 (nonempty_relop_expr_list)


状态 124

   93 factor: ID MK_LPAREN relop_expr_list . MK_RPAREN

    MK_RPAREN  shift, and go to state 151


状态 125

   77 relop_expr_list: nonempty_relop_expr_list .
   79 nonempty_relop_expr_list: nonempty_relop_expr_list . MK_COMMA relop_expr

    MK_COMMA  shift, and go to state 152

    $default  reduce using rule 77 (relop_expr_list)


状态 126

   99 dim_list: dim_list MK_LB . expr MK_RB

    ID         shift, and go to state 51
    CONST      shift, and go to state 52
    OP_NOT     shift, and go to state 53
    MK_LPAREN  shift, and go to state 54

    expr     转到状态153
    term     转到状态59
    factor   转到状态60
    var_ref  转到状态61


状态 127

   94 factor: OP_NOT ID MK_LPAREN . relop_expr_list MK_RPAREN

    ID         shift, and go to state 51
    CONST      shift, and go to state 52
    OP_NOT     shift, and go to state 53
    MK_LPAREN  shift, and go to state 54

    $default  reduce using rule 78 (relop_expr_list)

    relop_expr                转到状态123
    relop_term                转到状态56
    relop_factor              转到状态57
    relop_expr_list           转到状态154
    nonempty_relop_expr_list  转到状态125
    expr                      转到状态58
    term                      转到状态59
    factor                    转到状态60
    var_ref                   转到状态61


状态 128

   66 relop_expr: relop_expr . OP_OR relop_term
   90 factor: OP_NOT MK_LPAREN relop_expr . MK_RPAREN

    OP_OR      shift, and go to state 85
    MK_RPAREN  shift, and go to state 155


状态 129

   89 factor: MK_LPAREN relop_expr MK_RPAREN .

    $default  reduce using rule 89 (factor)


状态 130

   66 relop_expr: relop_expr OP_OR relop_term .
   68 relop_term: relop_term . OP_AND relop_factor

    OP_AND  shift, and go to state 86

    $default  reduce using rule 66 (relop_expr)


状态 131

   68 relop_term: relop_term OP_AND relop_factor .

    $default  reduce using rule 68 (relop_term)


状态 132

   70 relop_factor: expr rel_op expr .
   81 expr: expr . add_op term

    OP_PLUS   shift, and go to state 93
    OP_MINUS  shift, and go to state 94

    $default  reduce using rule 70 (relop_factor)

    add_op  转到状态96


状态 133

   81 expr: expr add_op term .
   85 term: term . mul_op factor

    OP_TIMES   shift, and go to state 97
    OP_DIVIDE  shift, and go to state 98

    $default  reduce using rule 81 (expr)

    mul_op  转到状态99


状态 134

   85 term: term mul_op factor .

    $default  reduce using rule 85 (term)


状态 135

    9 function_decl: type ID MK_LPAREN MK_RPAREN MK_LBRACE block . MK_RBRACE

    MK_RBRACE  shift, and go to state 156


状态 136

    7 function_decl: type ID MK_LPAREN param_list MK_RPAREN MK_LBRACE . block MK_RBRACE

    ID            shift, and go to state 107
    INT           shift, and go to state 3
    FLOAT         shift, and go to state 4
    FOR           shift, and go to state 108
    TYPEDEF       shift, and go to state 5
    MK_LBRACE     shift, and go to state 109
    MK_SEMICOLON  shift, and go to state 110
    RETURN        shift, and go to state 111

    $default  reduce using rule 22 (block)

    block      转到状态157
    decl_list  转到状态113
    decl       转到状态11
    type_decl  转到状态12
    var_decl   转到状态13
    type       转到状态114
    stmt_list  转到状态115
    stmt       转到状态116
    var_ref    转到状态117


状态 137

   54 stmt: FOR MK_LPAREN . assign_expr_list MK_SEMICOLON relop_expr_list MK_SEMICOLON assign_expr_list MK_RPAREN stmt

    ID         shift, and go to state 158
    CONST      shift, and go to state 52
    OP_NOT     shift, and go to state 53
    MK_LPAREN  shift, and go to state 54

    $default  reduce using rule 60 (assign_expr_list)

    assign_expr_list           转到状态159
    nonempty_assign_expr_list  转到状态160
    assign_expr                转到状态161
    relop_expr                 转到状态162
    relop_term                 转到状态56
    relop_factor               转到状态57
    expr                       转到状态58
    term                       转到状态59
    factor                     转到状态60
    var_ref                    转到状态61


状态 138

   53 stmt: MK_LBRACE block . MK_RBRACE

    MK_RBRACE  shift, and go to state 163


状态 139

   57 stmt: RETURN MK_SEMICOLON .

    $default  reduce using rule 57 (stmt)


状态 140

   58 stmt: RETURN relop_expr . MK_SEMICOLON
   66 relop_expr: relop_expr . OP_OR relop_term

    OP_OR         shift, and go to state 85
    MK_SEMICOLON  shift, and go to state 164


状态 141

   10 function_decl: VOID ID MK_LPAREN MK_RPAREN MK_LBRACE block MK_RBRACE .

    $default  reduce using rule 10 (function_decl)


状态 142

   19 block: decl_list stmt_list .
   51 stmt_list: stmt_list . stmt

    ID            shift, and go to state 143
    FOR           shift, and go to state 108
    MK_LBRACE     shift, and go to state 109
    MK_SEMICOLON  shift, and go to state 110
    RETURN        shift, and go to state 111

    $default  reduce using rule 19 (block)

    stmt     转到状态144
    var_ref  转到状态117


状态 143

   97 var_ref: ID .
   98        | ID . dim_list

    MK_LB  shift, and go to state 77

    $default  reduce using rule 97 (var_ref)

    dim_list  转到状态79


状态 144

   51 stmt_list: stmt_list stmt .

    $default  reduce using rule 51 (stmt_list)


状态 145

   55 stmt: var_ref OP_ASSIGN . relop_expr MK_SEMICOLON

    ID         shift, and go to state 51
    CONST      shift, and go to state 52
    OP_NOT     shift, and go to state 53
    MK_LPAREN  shift, and go to state 54

    relop_expr    转到状态165
    relop_term    转到状态56
    relop_factor  转到状态57
    expr          转到状态58
    term          转到状态59
    factor        转到状态60
    var_ref       转到状态61


状态 146

    8 function_decl: VOID ID MK_LPAREN param_list MK_RPAREN MK_LBRACE block . MK_RBRACE

    MK_RBRACE  shift, and go to state 166


状态 147

   15 dim_fn: MK_LB expr_null . MK_RB

    MK_RB  shift, and go to state 167


状态 148

   17 expr_null: expr .
   81 expr: expr . add_op term

    OP_PLUS   shift, and go to state 93
    OP_MINUS  shift, and go to state 94

    $default  reduce using rule 17 (expr_null)

    add_op  转到状态96


状态 149

   16 dim_fn: dim_fn MK_LB . expr MK_RB

    ID         shift, and go to state 51
    CONST      shift, and go to state 52
    OP_NOT     shift, and go to state 53
    MK_LPAREN  shift, and go to state 54

    expr     转到状态168
    term     转到状态59
    factor   转到状态60
    var_ref  转到状态61


状态 150

  100 dim_list: MK_LB expr MK_RB .

    $default  reduce using rule 100 (dim_list)


状态 151

   93 factor: ID MK_LPAREN relop_expr_list MK_RPAREN .

    $default  reduce using rule 93 (factor)


状态 152

   79 nonempty_relop_expr_list: nonempty_relop_expr_list MK_COMMA . relop_expr

    ID         shift, and go to state 51
    CONST      shift, and go to state 52
    OP_NOT     shift, and go to state 53
    MK_LPAREN  shift, and go to state 54

    relop_expr    转到状态169
    relop_term    转到状态56
    relop_factor  转到状态57
    expr          转到状态58
    term          转到状态59
    factor        转到状态60
    var_ref       转到状态61


状态 153

   81 expr: expr . add_op term
   99 dim_list: dim_list MK_LB expr . MK_RB

    OP_PLUS   shift, and go to state 93
    OP_MINUS  shift, and go to state 94
    MK_RB     shift, and go to state 170

    add_op  转到状态96


状态 154

   94 factor: OP_NOT ID MK_LPAREN relop_expr_list . MK_RPAREN

    MK_RPAREN  shift, and go to state 171


状态 155

   90 factor: OP_NOT MK_LPAREN relop_expr MK_RPAREN .

    $default  reduce using rule 90 (factor)


状态 156

    9 function_decl: type ID MK_LPAREN MK_RPAREN MK_LBRACE block MK_RBRACE .

    $default  reduce using rule 9 (function_decl)


状态 157

    7 function_decl: type ID MK_LPAREN param_list MK_RPAREN MK_LBRACE block . MK_RBRACE

    MK_RBRACE  shift, and go to state 172


状态 158

   63 assign_expr: ID . OP_ASSIGN relop_expr
   93 factor: ID . MK_LPAREN relop_expr_list MK_RPAREN
   97 var_ref: ID .
   98        | ID . dim_list

    OP_ASSIGN  shift, and go to state 173
    MK_LB      shift, and go to state 77
    MK_LPAREN  shift, and go to state 78

    $default  reduce using rule 97 (var_ref)

    dim_list  转到状态79


状态 159

   54 stmt: FOR MK_LPAREN assign_expr_list . MK_SEMICOLON relop_expr_list MK_SEMICOLON assign_expr_list MK_RPAREN stmt

    MK_SEMICOLON  shift, and go to state 174


状态 160

   59 assign_expr_list: nonempty_assign_expr_list .
   61 nonempty_assign_expr_list: nonempty_assign_expr_list . MK_COMMA assign_expr

    MK_COMMA  shift, and go to state 175

    $default  reduce using rule 59 (assign_expr_list)


状态 161

   62 nonempty_assign_expr_list: assign_expr .

    $default  reduce using rule 62 (nonempty_assign_expr_list)


状态 162

   64 assign_expr: relop_expr .
   66 relop_expr: relop_expr . OP_OR relop_term

    OP_OR  shift, and go to state 85

    $default  reduce using rule 64 (assign_expr)


状态 163

   53 stmt: MK_LBRACE block MK_RBRACE .

    $default  reduce using rule 53 (stmt)


状态 164

   58 stmt: RETURN relop_expr MK_SEMICOLON .

    $default  reduce using rule 58 (stmt)


状态 165

   55 stmt: var_ref OP_ASSIGN relop_expr . MK_SEMICOLON
   66 relop_expr: relop_expr . OP_OR relop_term

    OP_OR         shift, and go to state 85
    MK_SEMICOLON  shift, and go to state 176


状态 166

    8 function_decl: VOID ID MK_LPAREN param_list MK_RPAREN MK_LBRACE block MK_RBRACE .

    $default  reduce using rule 8 (function_decl)


状态 167

   15 dim_fn: MK_LB expr_null MK_RB .

    $default  reduce using rule 15 (dim_fn)


状态 168

   16 dim_fn: dim_fn MK_LB expr . MK_RB
   81 expr: expr . add_op term

    OP_PLUS   shift, and go to state 93
    OP_MINUS  shift, and go to state 94
    MK_RB     shift, and go to state 177

    add_op  转到状态96


状态 169

   66 relop_expr: relop_expr . OP_OR relop_term
   79 nonempty_relop_expr_list: nonempty_relop_expr_list MK_COMMA relop_expr .

    OP_OR  shift, and go to state 85

    $default  reduce using rule 79 (nonempty_relop_expr_list)


状态 170

   99 dim_list: dim_list MK_LB expr MK_RB .

    $default  reduce using rule 99 (dim_list)


状态 171

   94 factor: OP_NOT ID MK_LPAREN relop_expr_list MK_RPAREN .

    $default  reduce using rule 94 (factor)


状态 172

    7 function_decl: type ID MK_LPAREN param_list MK_RPAREN MK_LBRACE block MK_RBRACE .

    $default  reduce using rule 7 (function_decl)


状态 173

   63 assign_expr: ID OP_ASSIGN . relop_expr

    ID         shift, and go to state 51
    CONST      shift, and go to state 52
    OP_NOT     shift, and go to state 53
    MK_LPAREN  shift, and go to state 54

    relop_expr    转到状态178
    relop_term    转到状态56
    relop_factor  转到状态57
    expr          转到状态58
    term          转到状态59
    factor        转到状态60
    var_ref       转到状态61


状态 174

   54 stmt: FOR MK_LPAREN assign_expr_list MK_SEMICOLON . relop_expr_list MK_SEMICOLON assign_expr_list MK_RPAREN stmt

    ID         shift, and go to state 51
    CONST      shift, and go to state 52
    OP_NOT     shift, and go to state 53
    MK_LPAREN  shift, and go to state 54

    $default  reduce using rule 78 (relop_expr_list)

    relop_expr                转到状态123
    relop_term                转到状态56
    relop_factor              转到状态57
    relop_expr_list           转到状态179
    nonempty_relop_expr_list  转到状态125
    expr                      转到状态58
    term                      转到状态59
    factor                    转到状态60
    var_ref                   转到状态61


状态 175

   61 nonempty_assign_expr_list: nonempty_assign_expr_list MK_COMMA . assign_expr

    ID         shift, and go to state 158
    CONST      shift, and go to state 52
    OP_NOT     shift, and go to state 53
    MK_LPAREN  shift, and go to state 54

    assign_expr   转到状态180
    relop_expr    转到状态162
    relop_term    转到状态56
    relop_factor  转到状态57
    expr          转到状态58
    term          转到状态59
    factor        转到状态60
    var_ref       转到状态61


状态 176

   55 stmt: var_ref OP_ASSIGN relop_expr MK_SEMICOLON .

    $default  reduce using rule 55 (stmt)


状态 177

   16 dim_fn: dim_fn MK_LB expr MK_RB .

    $default  reduce using rule 16 (dim_fn)


状态 178

   63 assign_expr: ID OP_ASSIGN relop_expr .
   66 relop_expr: relop_expr . OP_OR relop_term

    OP_OR  shift, and go to state 85

    $default  reduce using rule 63 (assign_expr)


状态 179

   54 stmt: FOR MK_LPAREN assign_expr_list MK_SEMICOLON relop_expr_list . MK_SEMICOLON assign_expr_list MK_RPAREN stmt

    MK_SEMICOLON  shift, and go to state 181


状态 180

   61 nonempty_assign_expr_list: nonempty_assign_expr_list MK_COMMA assign_expr .

    $default  reduce using rule 61 (nonempty_assign_expr_list)


状态 181

   54 stmt: FOR MK_LPAREN assign_expr_list MK_SEMICOLON relop_expr_list MK_SEMICOLON . assign_expr_list MK_RPAREN stmt

    ID         shift, and go to state 158
    CONST      shift, and go to state 52
    OP_NOT     shift, and go to state 53
    MK_LPAREN  shift, and go to state 54

    $default  reduce using rule 60 (assign_expr_list)

    assign_expr_list           转到状态182
    nonempty_assign_expr_list  转到状态160
    assign_expr                转到状态161
    relop_expr                 转到状态162
    relop_term                 转到状态56
    relop_factor               转到状态57
    expr                       转到状态58
    term                       转到状态59
    factor                     转到状态60
    var_ref                    转到状态61


状态 182

   54 stmt: FOR MK_LPAREN assign_expr_list MK_SEMICOLON relop_expr_list MK_SEMICOLON assign_expr_list . MK_RPAREN stmt

    MK_RPAREN  shift, and go to state 183


状态 183

   54 stmt: FOR MK_LPAREN assign_expr_list MK_SEMICOLON relop_expr_list MK_SEMICOLON assign_expr_list MK_RPAREN . stmt

    ID            shift, and go to state 143
    FOR           shift, and go to state 108
    MK_LBRACE     shift, and go to state 109
    MK_SEMICOLON  shift, and go to state 110
    RETURN        shift, and go to state 111

    stmt     转到状态184
    var_ref  转到状态117


状态 184

   54 stmt: FOR MK_LPAREN assign_expr_list MK_SEMICOLON relop_expr_list MK_SEMICOLON assign_expr_list MK_RPAREN stmt .

    $default  reduce using rule 54 (stmt)
